print(df.cluster.reduce.target$clusters3[1:200])


 [1] 3 3 3 3 3 3 3 3 3 3 3 3 3 3 3 3 3 3 3 3 3 3 3 3 3 3 3 3 3 3 3 3 3 3 3 3 3 3 3 3 3 3 3
 [44] 3 3 3 3 3 3 3 3 3 3 3 3 3 3 3 2 3 3 3 3 3 3 3 2 3 3 3 3 3 3 3 3 3 3 3 3 3 3 3 3 3 3 3
 [87] 3 3 3 3 3 3 3 3 3 3 3 3 3 3 3 3 3 3 3 3 3 2 3 3 3 3 2 3 3 3 3 3 3 3 3 3 3 3 3 3 3 3 3
[130] 3 3 3 3 3 3 3 3 3 3 3 3 3 3 2 3 3 3 3 3 3 3 3 3 3 3 3 3 3 3 3 3 3 3 3 3 3 3 3 3 3 2 3
[173] 3 3 3 3 3 3 3 3 3 3 3 3 3 3 3 3 3 3 3 3 2 3 3 3 3 3 3 2

pca.df$PC1[1:200]


  [1] -1.04272924 -1.53396847 -1.08077000 -1.05381442 -0.37610139 -1.37473180 -1.94980050
  [8]  0.64577100 -1.01416118 -1.02965445 -0.80503075 -1.47614352 -0.18105747 -0.18105747
 [15] -0.82723603 -0.98805640 -0.71473331 -1.31149789 -0.59177352  2.47542580  0.86774722
 [22]  2.89236272 -0.01502723 -1.51915382 -1.66583035 -0.36486928 -0.40454812  0.36606507
 [29]  0.11683023 -1.46218480 -0.31045423 -0.61791871 -0.99168419 -0.70674583  0.50891543
 [36]  1.67251219  5.97308436 -0.70104063  0.65950485 -1.68458092 -1.46182901 -1.17966225
 [43] -1.02994417 -1.15363496 -1.33544285  0.83550996 -1.52370305  0.78425880 -1.18345419
 [50]  3.84249843 -0.50839082 -0.18105747  2.62639132  1.57800760 -1.89723790 -1.39171132
 [57]  2.39367581 -0.95590123 12.32897466 -0.15153213 -1.37935944 -0.43412323 -0.99327427
 [64] -1.04271534 -0.18105747 -1.15955184  8.29753218 -1.31780200 -1.06078029 -1.38218038
 [71] -1.31395612  0.82482535 -1.26116443 -0.98936892 -0.81000941 -0.95021081 -1.36824314
 [78] -1.04684759  0.87905331  2.94812853 -0.18105747 -0.97749447  0.22327452 -1.12319413
 [85] -0.18105747 -1.46226816  0.40046543  1.75191478 -1.65349569 -0.78769816 -1.48545147
 [92]  1.71039379 -4.81252280  0.31371733 -0.29370722 -1.43799345 -1.27641067 -0.51095136
 [99] -1.95435724 -0.86366564  2.38006223 -1.42464186 -2.25560708  0.49622620 -1.03291752
[106] -0.78718588 -0.85110206  7.76255047 -0.99850690  2.10446396  1.00682063 -0.84924022
[113]  1.89038908 -0.33890247 -1.68265405 -1.64193759  0.55356519  0.15865414 -1.77466804
[120] -0.66638261 -0.75878927 -1.47537085  2.09574662 -0.85127033  2.57534692 -1.11999110
[127] -1.26345478 -0.52976982 -0.73968683 -1.58081679 -0.18105747 -1.08621568  0.51512998
[134]  1.62203597 -1.61835935  2.33510843 -1.11274115  1.09646462  0.89841086 -1.99559896
[141] -0.69697500  1.31717238 -0.21446838  3.17214773 -0.97360343 -1.03043424  1.38475074
[148] -0.39272467  1.44553483 -0.51202718 -1.51315218  2.32824525  0.62745606 -1.62419119
[155] -0.76856118 -1.18861230 -0.12652838  0.90584168 -0.50139071 -1.29754921  2.11621434
[162] -0.60663355  0.80513805  0.94542361 -1.34263814  0.51438741 -1.45994656 -1.00289435
[169]  0.92540959 -1.08832894  8.08790562 -1.83565577 -0.79321422 -1.29477729 -0.81675582
[176] -0.18105747  0.67025126 -1.55551928  1.44802309 -1.17696161 -1.64507160  0.35703899
[183]  0.46781338  0.79527291  0.27105323  0.91473519 -0.18105747 -1.29534885 -1.17909803
[190] -0.97214469 -1.37226123  0.02721397  8.71899042 -1.76925896  0.67899945  1.09906530
[197] -0.26026928  0.87147454 -1.26573242  8.16155330



